[2024-09-10T12:12:01.257Z] SuggestStrategy.js: Failed to fetch available balance
[2024-09-10T12:14:08.690Z] SuggestStrategy.js: Failed to fetch available balance
[2024-09-18T08:51:05.013Z] SuggestStrategy.js: Failed to fetch available balance
[2024-09-18T13:15:12.509Z] SuggestStrategy.js: Failed to fetch available balance
[2024-09-20T07:59:21.083Z] useAlpaca.js: [object Object]
[2024-09-20T08:03:30.899Z] useAlpaca.js: [object Object]
[2024-09-20T08:04:07.580Z] useAlpaca.js: [object Object]
[2024-10-01T04:49:35.177Z] SuggestStrategy.js: Failed to fetch data
[2024-10-01T04:51:41.672Z] ConditionDefination.js: components_form_Error__WEBPACK_IMPORTED_MODULE_6__.default is not a constructor
[2024-10-01T04:51:45.103Z] ConditionDefination.js: components_form_Error__WEBPACK_IMPORTED_MODULE_6__.default is not a constructor
[2024-10-01T04:51:48.342Z] ConditionDefination.js: components_form_Error__WEBPACK_IMPORTED_MODULE_6__.default is not a constructor
[2024-10-01T04:52:33.480Z] ConditionDefination.js: components_form_Error__WEBPACK_IMPORTED_MODULE_6__.default is not a constructor
[2024-10-01T04:52:33.705Z] ConditionDefination.js: components_form_Error__WEBPACK_IMPORTED_MODULE_6__.default is not a constructor
[2024-10-01T04:52:43.599Z] SuggestStrategy.js: Failed to fetch data
[2024-10-01T07:27:32.442Z] SuggestStrategy.js: Failed to fetch data
[2024-10-01T09:40:30.746Z] SuggestStrategy.js: Failed to fetch data
[2024-10-01T09:42:25.147Z] SuggestStrategy.js: Failed to fetch data
[2024-10-07T09:15:44.538Z] SuggestStrategy.js: Failed to fetch data
[2024-10-07T09:15:52.049Z] SuggestStrategy.js: Failed to fetch data
[2024-10-07T09:15:56.828Z] SuggestStrategy.js: Failed to fetch data
[2024-10-07T09:16:05.975Z] SubscStrategy.js: Failed to fetch data
